[debug] [2017-12-06T07:31:41.330Z] ----------------------------------------------------------------------
[debug] [2017-12-06T07:31:41.333Z] Command:       /usr/local/bin/node /usr/local/bin/firebase deploy --only functions
[debug] [2017-12-06T07:31:41.334Z] CLI Version:   3.16.0
[debug] [2017-12-06T07:31:41.334Z] Platform:      darwin
[debug] [2017-12-06T07:31:41.334Z] Node Version:  v6.11.5
[debug] [2017-12-06T07:31:41.335Z] Time:          Wed Dec 06 2017 02:31:41 GMT-0500 (EST)
[debug] [2017-12-06T07:31:41.335Z] ----------------------------------------------------------------------
[debug] 
[debug] [2017-12-06T07:31:41.347Z] > command requires scopes: ["email","openid","https://www.googleapis.com/auth/cloudplatformprojects.readonly","https://www.googleapis.com/auth/firebase","https://www.googleapis.com/auth/cloud-platform"]
[debug] [2017-12-06T07:31:41.347Z] > authorizing via signed-in user
[debug] [2017-12-06T07:31:41.350Z] >>> HTTP REQUEST GET https://admin.firebase.com/v1/projects/actions-on-reddit  
  
 Wed Dec 06 2017 02:31:41 GMT-0500 (EST)
[debug] [2017-12-06T07:31:41.597Z] <<< HTTP RESPONSE 200
[debug] [2017-12-06T07:31:41.599Z] >>> HTTP REQUEST GET https://admin.firebase.com/v1/database/actions-on-reddit/tokens  
  
 Wed Dec 06 2017 02:31:41 GMT-0500 (EST)
[debug] [2017-12-06T07:31:41.899Z] <<< HTTP RESPONSE 200
[info] 
[info] === Deploying to 'actions-on-reddit'...
[info] 
[info] i  deploying functions
[debug] [2017-12-06T07:31:42.019Z] > [functions] package.json contents: {
  "name": "actions-on-reddit",
  "version": "1.0.0",
  "description": "Get stuff from reddit and read it out with Google Assistant",
  "author": "Tobi Akerele",
  "license": "UNLICENSED",
  "dependencies": {
    "actions-on-google": "^1.6.1",
    "cookie-parser": "^1.4.3",
    "cors": "^2.8.4",
    "express": "^4.15.3",
    "firebase": "^4.1.3",
    "firebase-admin": "^5.0.1",
    "firebase-functions": "^0.7.3",
    "lodash": "^4.17.4",
    "moment": "^2.18.1",
    "node-fetch": "1.7.3",
    "snoowrap": "^1.15.1"
  },
  "devDependencies": {
    "typescript": "^2.3.2"
  },
  "scripts": {
    "serve": "firebase serve --only functions",
    "deploy": "npm run action:update && firebase deploy --only functions",
    "action:simulate": "gactions --verbose simulate",
    "action:deploy": "gactions deploy --action_package action.json --project actions-on-reddit",
    "action:update": "gactions update --action_package action.json --project actions-on-reddit"
  },
  "main": "index.js"
}
[info] i  functions: ensuring necessary APIs are enabled...
[debug] [2017-12-06T07:31:42.021Z] >>> HTTP REQUEST GET https://servicemanagement.googleapis.com/v1/services/cloudfunctions.googleapis.com/projectSettings/actions-on-reddit?view=CONSUMER_VIEW  
  
 Wed Dec 06 2017 02:31:42 GMT-0500 (EST)
[debug] [2017-12-06T07:31:42.021Z] >>> HTTP REQUEST GET https://servicemanagement.googleapis.com/v1/services/runtimeconfig.googleapis.com/projectSettings/actions-on-reddit?view=CONSUMER_VIEW  
  
 Wed Dec 06 2017 02:31:42 GMT-0500 (EST)
[debug] [2017-12-06T07:31:42.393Z] <<< HTTP RESPONSE 200
[info] ✔  functions: all necessary APIs are enabled
[debug] [2017-12-06T07:31:42.423Z] <<< HTTP RESPONSE 200
[debug] [2017-12-06T07:31:42.425Z] >>> HTTP REQUEST GET https://appengine.googleapis.com/v1/apps/actions-on-reddit  
  
 Wed Dec 06 2017 02:31:42 GMT-0500 (EST)
[debug] [2017-12-06T07:31:42.425Z] >>> HTTP REQUEST GET https://apikeys.googleapis.com/v1/projects/actions-on-reddit/apiKeys  
  
 Wed Dec 06 2017 02:31:42 GMT-0500 (EST)
[debug] [2017-12-06T07:31:42.585Z] <<< HTTP RESPONSE 200
[debug] [2017-12-06T07:31:42.712Z] <<< HTTP RESPONSE 200
[info] i  functions: preparing . directory for uploading...
[debug] [2017-12-06T07:31:45.813Z] >>> HTTP REQUEST GET https://runtimeconfig.googleapis.com/v1beta1/projects/actions-on-reddit/configs  
  
 Wed Dec 06 2017 02:31:45 GMT-0500 (EST)
[debug] [2017-12-06T07:31:45.944Z] <<< HTTP RESPONSE 200
[debug] [2017-12-06T07:31:45.944Z] >>> HTTP REQUEST GET https://runtimeconfig.googleapis.com/v1beta1/projects/actions-on-reddit/configs/reddit/variables  
  
 Wed Dec 06 2017 02:31:45 GMT-0500 (EST)
[debug] [2017-12-06T07:31:46.054Z] <<< HTTP RESPONSE 200
[debug] [2017-12-06T07:31:46.055Z] >>> HTTP REQUEST GET https://runtimeconfig.googleapis.com/v1beta1/projects/actions-on-reddit/configs/reddit/variables/id  
  
 Wed Dec 06 2017 02:31:46 GMT-0500 (EST)
[debug] [2017-12-06T07:31:46.055Z] >>> HTTP REQUEST GET https://runtimeconfig.googleapis.com/v1beta1/projects/actions-on-reddit/configs/reddit/variables/refresh_token  
  
 Wed Dec 06 2017 02:31:46 GMT-0500 (EST)
[debug] [2017-12-06T07:31:46.055Z] >>> HTTP REQUEST GET https://runtimeconfig.googleapis.com/v1beta1/projects/actions-on-reddit/configs/reddit/variables/secret  
  
 Wed Dec 06 2017 02:31:46 GMT-0500 (EST)
[debug] [2017-12-06T07:31:46.131Z] <<< HTTP RESPONSE 200
[debug] [2017-12-06T07:31:46.137Z] <<< HTTP RESPONSE 200
[debug] [2017-12-06T07:31:46.199Z] <<< HTTP RESPONSE 200
[info] i  functions: packaged . (11.08 KB) for uploading
[debug] [2017-12-06T07:31:49.620Z] >>> HTTP REQUEST GET https://www.googleapis.com/storage/v1/b/staging.actions-on-reddit.appspot.com  
  
 Wed Dec 06 2017 02:31:49 GMT-0500 (EST)
[debug] [2017-12-06T07:31:49.781Z] <<< HTTP RESPONSE 200
[debug] [2017-12-06T07:31:49.783Z] >>> HTTP REQUEST POST https://www.googleapis.com/upload/storage/v1/b/staging.actions-on-reddit.appspot.com/o?uploadType=media&name=firebase-functions-source  
 ReadStream {
  _readableState: 
   ReadableState {
     objectMode: false,
     highWaterMark: 65536,
     buffer: BufferList { head: [Object], tail: [Object], length: 1 },
     length: 11345,
     pipes: null,
     pipesCount: 0,
     flowing: null,
     ended: true,
     endEmitted: false,
     reading: false,
     sync: false,
     needReadable: false,
     emittedReadable: true,
     readableListening: false,
     resumeScheduled: false,
     defaultEncoding: 'utf8',
     ranOut: false,
     awaitDrain: 0,
     readingMore: false,
     decoder: null,
     encoding: null },
  readable: true,
  domain: null,
  _events: { end: [Function] },
  _eventsCount: 1,
  _maxListeners: undefined,
  path: '/var/folders/t3/qlb6wshn2xqbrssccl_c4qyr0000gn/T/firebase-functions-43287TtL6eua1ryRd.zip',
  fd: 19,
  flags: 'r',
  mode: 438,
  start: undefined,
  end: undefined,
  autoClose: true,
  pos: undefined,
  bytesRead: 11345 } 
 Wed Dec 06 2017 02:31:49 GMT-0500 (EST)
[debug] [2017-12-06T07:31:50.117Z] <<< HTTP RESPONSE 200
[info] ✔  functions: . folder uploaded successfully
[debug] [2017-12-06T07:31:50.119Z] >>> HTTP REQUEST GET https://cloudfunctions.googleapis.com/v1/projects/actions-on-reddit/locations/us-central1/functions  
  
 Wed Dec 06 2017 02:31:50 GMT-0500 (EST)
[debug] [2017-12-06T07:31:50.248Z] <<< HTTP RESPONSE 200
[info] i  functions: updating function getNotifyHome...
[debug] [2017-12-06T07:31:50.251Z] Trigger is:  {"httpsTrigger":{}}
[info] i  functions: updating function getTrendingReddit...
[debug] [2017-12-06T07:31:50.251Z] Trigger is:  {"httpsTrigger":{}}
[debug] [2017-12-06T07:31:50.253Z] >>> HTTP REQUEST PATCH https://cloudfunctions.googleapis.com/v1/projects/actions-on-reddit/locations/us-central1/functions/getNotifyHome 
query params: {"updateMask":"sourceArchiveUrl,name,labels,httpsTrigger"} 
 { sourceArchiveUrl: 'gs://staging.actions-on-reddit.appspot.com/firebase-functions-source',
  name: 'projects/actions-on-reddit/locations/us-central1/functions/getNotifyHome',
  labels: { 'deployment-tool': 'cli-firebase' },
  httpsTrigger: {} } 
 Wed Dec 06 2017 02:31:50 GMT-0500 (EST)
[debug] [2017-12-06T07:31:50.255Z] >>> HTTP REQUEST PATCH https://cloudfunctions.googleapis.com/v1/projects/actions-on-reddit/locations/us-central1/functions/getTrendingReddit 
query params: {"updateMask":"sourceArchiveUrl,name,labels,httpsTrigger"} 
 { sourceArchiveUrl: 'gs://staging.actions-on-reddit.appspot.com/firebase-functions-source',
  name: 'projects/actions-on-reddit/locations/us-central1/functions/getTrendingReddit',
  labels: { 'deployment-tool': 'cli-firebase' },
  httpsTrigger: {} } 
 Wed Dec 06 2017 02:31:50 GMT-0500 (EST)
[debug] [2017-12-06T07:31:50.433Z] <<< HTTP RESPONSE 200
[debug] [2017-12-06T07:31:50.435Z] <<< HTTP RESPONSE 200
[debug] [2017-12-06T07:31:50.436Z] >>> HTTP REQUEST GET https://cloudfunctions.googleapis.com/v1/projects/actions-on-reddit/locations/us-central1/functions  
  
 Wed Dec 06 2017 02:31:50 GMT-0500 (EST)
[debug] [2017-12-06T07:31:50.573Z] <<< HTTP RESPONSE 200
[debug] [2017-12-06T07:31:50.574Z] >>> HTTP REQUEST GET https://cloudfunctions.googleapis.com/v1/operations/YWN0aW9ucy1vbi1yZWRkaXQvdXMtY2VudHJhbDEvZ2V0Tm90aWZ5SG9tZS9QNVN1UXJhUDcxOA  
  
 Wed Dec 06 2017 02:31:50 GMT-0500 (EST)
[debug] [2017-12-06T07:31:50.575Z] >>> HTTP REQUEST GET https://cloudfunctions.googleapis.com/v1/operations/YWN0aW9ucy1vbi1yZWRkaXQvdXMtY2VudHJhbDEvZ2V0VHJlbmRpbmdSZWRkaXQvdXBNMksxLTVSRzg  
  
 Wed Dec 06 2017 02:31:50 GMT-0500 (EST)
[debug] [2017-12-06T07:31:50.674Z] <<< HTTP RESPONSE 200
[debug] [2017-12-06T07:31:50.675Z] <<< HTTP RESPONSE 200
[debug] [2017-12-06T07:31:52.676Z] >>> HTTP REQUEST GET https://cloudfunctions.googleapis.com/v1/operations/YWN0aW9ucy1vbi1yZWRkaXQvdXMtY2VudHJhbDEvZ2V0VHJlbmRpbmdSZWRkaXQvdXBNMksxLTVSRzg  
  
 Wed Dec 06 2017 02:31:52 GMT-0500 (EST)
[debug] [2017-12-06T07:31:52.677Z] >>> HTTP REQUEST GET https://cloudfunctions.googleapis.com/v1/operations/YWN0aW9ucy1vbi1yZWRkaXQvdXMtY2VudHJhbDEvZ2V0Tm90aWZ5SG9tZS9QNVN1UXJhUDcxOA  
  
 Wed Dec 06 2017 02:31:52 GMT-0500 (EST)
[debug] [2017-12-06T07:31:52.765Z] <<< HTTP RESPONSE 200
[debug] [2017-12-06T07:31:52.781Z] <<< HTTP RESPONSE 200
[debug] [2017-12-06T07:31:54.772Z] >>> HTTP REQUEST GET https://cloudfunctions.googleapis.com/v1/operations/YWN0aW9ucy1vbi1yZWRkaXQvdXMtY2VudHJhbDEvZ2V0VHJlbmRpbmdSZWRkaXQvdXBNMksxLTVSRzg  
  
 Wed Dec 06 2017 02:31:54 GMT-0500 (EST)
[debug] [2017-12-06T07:31:54.783Z] >>> HTTP REQUEST GET https://cloudfunctions.googleapis.com/v1/operations/YWN0aW9ucy1vbi1yZWRkaXQvdXMtY2VudHJhbDEvZ2V0Tm90aWZ5SG9tZS9QNVN1UXJhUDcxOA  
  
 Wed Dec 06 2017 02:31:54 GMT-0500 (EST)
[debug] [2017-12-06T07:31:54.880Z] <<< HTTP RESPONSE 200
[debug] [2017-12-06T07:31:54.889Z] <<< HTTP RESPONSE 200
[debug] [2017-12-06T07:31:56.886Z] >>> HTTP REQUEST GET https://cloudfunctions.googleapis.com/v1/operations/YWN0aW9ucy1vbi1yZWRkaXQvdXMtY2VudHJhbDEvZ2V0VHJlbmRpbmdSZWRkaXQvdXBNMksxLTVSRzg  
  
 Wed Dec 06 2017 02:31:56 GMT-0500 (EST)
[debug] [2017-12-06T07:31:56.889Z] >>> HTTP REQUEST GET https://cloudfunctions.googleapis.com/v1/operations/YWN0aW9ucy1vbi1yZWRkaXQvdXMtY2VudHJhbDEvZ2V0Tm90aWZ5SG9tZS9QNVN1UXJhUDcxOA  
  
 Wed Dec 06 2017 02:31:56 GMT-0500 (EST)
[debug] [2017-12-06T07:31:56.973Z] <<< HTTP RESPONSE 200
[debug] [2017-12-06T07:31:56.982Z] <<< HTTP RESPONSE 200
[debug] [2017-12-06T07:31:58.974Z] >>> HTTP REQUEST GET https://cloudfunctions.googleapis.com/v1/operations/YWN0aW9ucy1vbi1yZWRkaXQvdXMtY2VudHJhbDEvZ2V0VHJlbmRpbmdSZWRkaXQvdXBNMksxLTVSRzg  
  
 Wed Dec 06 2017 02:31:58 GMT-0500 (EST)
[debug] [2017-12-06T07:31:58.984Z] >>> HTTP REQUEST GET https://cloudfunctions.googleapis.com/v1/operations/YWN0aW9ucy1vbi1yZWRkaXQvdXMtY2VudHJhbDEvZ2V0Tm90aWZ5SG9tZS9QNVN1UXJhUDcxOA  
  
 Wed Dec 06 2017 02:31:58 GMT-0500 (EST)
[debug] [2017-12-06T07:31:59.063Z] <<< HTTP RESPONSE 200
[debug] [2017-12-06T07:31:59.085Z] <<< HTTP RESPONSE 200
[debug] [2017-12-06T07:32:01.066Z] >>> HTTP REQUEST GET https://cloudfunctions.googleapis.com/v1/operations/YWN0aW9ucy1vbi1yZWRkaXQvdXMtY2VudHJhbDEvZ2V0VHJlbmRpbmdSZWRkaXQvdXBNMksxLTVSRzg  
  
 Wed Dec 06 2017 02:32:01 GMT-0500 (EST)
[debug] [2017-12-06T07:32:01.088Z] >>> HTTP REQUEST GET https://cloudfunctions.googleapis.com/v1/operations/YWN0aW9ucy1vbi1yZWRkaXQvdXMtY2VudHJhbDEvZ2V0Tm90aWZ5SG9tZS9QNVN1UXJhUDcxOA  
  
 Wed Dec 06 2017 02:32:01 GMT-0500 (EST)
[debug] [2017-12-06T07:32:01.181Z] <<< HTTP RESPONSE 200
[debug] [2017-12-06T07:32:01.187Z] <<< HTTP RESPONSE 200
[debug] [2017-12-06T07:32:03.182Z] >>> HTTP REQUEST GET https://cloudfunctions.googleapis.com/v1/operations/YWN0aW9ucy1vbi1yZWRkaXQvdXMtY2VudHJhbDEvZ2V0Tm90aWZ5SG9tZS9QNVN1UXJhUDcxOA  
  
 Wed Dec 06 2017 02:32:03 GMT-0500 (EST)
[debug] [2017-12-06T07:32:03.188Z] >>> HTTP REQUEST GET https://cloudfunctions.googleapis.com/v1/operations/YWN0aW9ucy1vbi1yZWRkaXQvdXMtY2VudHJhbDEvZ2V0VHJlbmRpbmdSZWRkaXQvdXBNMksxLTVSRzg  
  
 Wed Dec 06 2017 02:32:03 GMT-0500 (EST)
[debug] [2017-12-06T07:32:03.269Z] <<< HTTP RESPONSE 200
[debug] [2017-12-06T07:32:03.278Z] <<< HTTP RESPONSE 200
